Сборка начата 11.04.2019 17:33:24.
     1>Проект "C:\Users\534.PD\Desktop\Task2ATL\Component\Component.vcxproj" в узле 2 (целевые объекты Rebuild).
     1>Midl:
         C:\Program Files (x86)\Windows Kits\8.1\bin\x86\midl.exe /D _DEBUG /W1 /nologo /char signed /env win32 /Oicf /h "Component_i.h" /iid "Component_i.c" /proxy "Component_p.c" /tlb "Debug\Component.tlb" /robust Component.idl 
         Processing .\Component.idl
         Component.idl
         Processing C:\Program Files (x86)\Windows Kits\8.1\Include\um\oaidl.idl
         oaidl.idl
         Processing C:\Program Files (x86)\Windows Kits\8.1\Include\um\objidl.idl
         objidl.idl
         Processing C:\Program Files (x86)\Windows Kits\8.1\Include\um\unknwn.idl
         unknwn.idl
         Processing C:\Program Files (x86)\Windows Kits\8.1\Include\shared\wtypes.idl
         wtypes.idl
         Processing C:\Program Files (x86)\Windows Kits\8.1\Include\shared\wtypesbase.idl
         wtypesbase.idl
         Processing C:\Program Files (x86)\Windows Kits\8.1\Include\shared\basetsd.h
         basetsd.h
         Processing C:\Program Files (x86)\Windows Kits\8.1\Include\shared\guiddef.h
         guiddef.h
         Processing C:\Program Files (x86)\Windows Kits\8.1\Include\um\ocidl.idl
         ocidl.idl
         Processing C:\Program Files (x86)\Windows Kits\8.1\Include\um\oleidl.idl
         oleidl.idl
         Processing C:\Program Files (x86)\Windows Kits\8.1\Include\um\servprov.idl
         servprov.idl
         Processing C:\Program Files (x86)\Windows Kits\8.1\Include\um\urlmon.idl
         urlmon.idl
         Processing C:\Program Files (x86)\Windows Kits\8.1\Include\um\msxml.idl
         msxml.idl
         Processing C:\Program Files (x86)\Windows Kits\8.1\Include\um\oaidl.acf
         oaidl.acf
         Processing C:\Program Files (x86)\Windows Kits\8.1\Include\um\ocidl.acf
         ocidl.acf
       ClCompile:
         C:\Program Files (x86)\Microsoft Visual Studio 12.0\VC\bin\CL.exe /c /ZI /nologo /W3 /WX- /sdl /Od /Oy- /D WIN32 /D _WINDOWS /D _DEBUG /D _USRDLL /D _WINDLL /D _UNICODE /D UNICODE /Gm /EHsc /RTC1 /MDd /GS /fp:precise /Zc:wchar_t /Zc:forScope /Yc"stdafx.h" /Fp"Debug\Component.pch" /Fo"Debug\\" /Fd"Debug\vc120.pdb" /Gd /TP /analyze- /errorReport:prompt stdafx.cpp
         stdafx.cpp
         C:\Program Files (x86)\Microsoft Visual Studio 12.0\VC\bin\CL.exe /c /ZI /nologo /W3 /WX- /sdl /Od /Oy- /D WIN32 /D _WINDOWS /D _DEBUG /D _USRDLL /D _WINDLL /D _UNICODE /D UNICODE /Gm /EHsc /RTC1 /MDd /GS /fp:precise /Zc:wchar_t /Zc:forScope /Yu"stdafx.h" /Fp"Debug\Component.pch" /Fo"Debug\\" /Fd"Debug\vc120.pdb" /Gd /TP /analyze- /errorReport:prompt Component.cpp ComponentClass.cpp
         ComponentClass.cpp
         Component.cpp
         Создание кода...
         C:\Program Files (x86)\Microsoft Visual Studio 12.0\VC\bin\CL.exe /c /ZI /nologo /W3 /WX- /sdl /Od /Oy- /D WIN32 /D _WINDOWS /D _DEBUG /D _USRDLL /D _WINDLL /D _UNICODE /D UNICODE /Gm /EHsc /RTC1 /MDd /GS /fp:precise /Zc:wchar_t /Zc:forScope /Fo"Debug\\" /Fd"Debug\vc120.pdb" /Gd /TC /analyze- /errorReport:prompt Component_i.c
         Component_i.c
         C:\Program Files (x86)\Microsoft Visual Studio 12.0\VC\bin\CL.exe /c /ZI /nologo /W3 /WX- /sdl /Od /Oy- /D WIN32 /D _WINDOWS /D _DEBUG /D _USRDLL /D _WINDLL /D _UNICODE /D UNICODE /Gm /EHsc /RTC1 /MDd /GS /fp:precise /Zc:wchar_t /Zc:forScope /Fo"Debug\\" /Fd"Debug\vc120.pdb" /Gd /TP /analyze- /errorReport:prompt dllmain.cpp
         dllmain.cpp
       ResourceCompile:
         C:\Program Files (x86)\Windows Kits\8.1\bin\x86\rc.exe /D _DEBUG /D _UNICODE /D UNICODE /l"0x0419" /IDebug\ /nologo /fo"Debug\Component.res" Component.rc 
       Link:
         C:\Program Files (x86)\Microsoft Visual Studio 12.0\VC\bin\link.exe /ERRORREPORT:PROMPT /OUT:"C:\Users\534.PD\Desktop\Task2ATL\Debug\Component.dll" /INCREMENTAL /NOLOGO kernel32.lib user32.lib gdi32.lib winspool.lib comdlg32.lib advapi32.lib shell32.lib ole32.lib oleaut32.lib uuid.lib odbc32.lib odbccp32.lib /DEF:".\Component.def" /MANIFEST /MANIFESTUAC:"level='asInvoker' uiAccess='false'" /manifest:embed /DEBUG /PDB:"C:\Users\534.PD\Desktop\Task2ATL\Debug\Component.pdb" /SUBSYSTEM:WINDOWS /TLBID:1 /DYNAMICBASE /NXCOMPAT /MACHINE:X86 /DLL Debug\Component.res
         Debug\Component.obj
         Debug\ComponentClass.obj
         Debug\Component_i.obj
         Debug\dllmain.obj
         Debug\stdafx.obj
            Создается библиотека C:\Users\534.PD\Desktop\Task2ATL\Debug\Component.lib и объект C:\Users\534.PD\Desktop\Task2ATL\Debug\Component.exp
         Component.vcxproj -> C:\Users\534.PD\Desktop\Task2ATL\Debug\Component.dll
       RegisterOutput:
         regsvr32 /s /n /i:user "C:\Users\534.PD\Desktop\Task2ATL\Debug\Component.dll"
     1>Сборка проекта "C:\Users\534.PD\Desktop\Task2ATL\Component\Component.vcxproj" завершена (целевые объекты Rebuild).

Сборка успешно завершена.

Затраченное время: 00:00:08.06
