c:\users\534.pd\desktop\task2atl\component\debug\component.pch
c:\users\534.pd\desktop\task2atl\component\debug\vc120.pdb
c:\users\534.pd\desktop\task2atl\component\debug\vc120.idb
c:\users\534.pd\desktop\task2atl\component\debug\stdafx.obj
c:\users\534.pd\desktop\task2atl\component\debug\component.obj
c:\users\534.pd\desktop\task2atl\component\debug\componentclass.obj
c:\users\534.pd\desktop\task2atl\component\debug\component_i.obj
c:\users\534.pd\desktop\task2atl\component\debug\dllmain.obj
c:\users\534.pd\desktop\task2atl\debug\component.lib
c:\users\534.pd\desktop\task2atl\debug\component.exp
c:\users\534.pd\desktop\task2atl\debug\component.ilk
c:\users\534.pd\desktop\task2atl\debug\component.dll
c:\users\534.pd\desktop\task2atl\debug\component.pdb
c:\users\534.pd\desktop\task2atl\component\debug\component.tlb
c:\users\534.pd\desktop\task2atl\component\component_p.c
c:\users\534.pd\desktop\task2atl\component\component_i.c
c:\users\534.pd\desktop\task2atl\component\component_i.h
c:\users\534.pd\desktop\task2atl\component\debug\component.res
c:\users\534.pd\desktop\task2atl\component\debug\component.tlog\cl.command.1.tlog
c:\users\534.pd\desktop\task2atl\component\debug\component.tlog\cl.read.1.tlog
c:\users\534.pd\desktop\task2atl\component\debug\component.tlog\cl.write.1.tlog
c:\users\534.pd\desktop\task2atl\component\debug\component.tlog\component.write.1u.tlog
c:\users\534.pd\desktop\task2atl\component\debug\component.tlog\link.command.1.tlog
c:\users\534.pd\desktop\task2atl\component\debug\component.tlog\link.read.1.tlog
c:\users\534.pd\desktop\task2atl\component\debug\component.tlog\link.write.1.tlog
c:\users\534.pd\desktop\task2atl\component\debug\component.tlog\midl.command.1.tlog
c:\users\534.pd\desktop\task2atl\component\debug\component.tlog\midl.read.1.tlog
c:\users\534.pd\desktop\task2atl\component\debug\component.tlog\midl.write.1.tlog
c:\users\534.pd\desktop\task2atl\component\debug\component.tlog\rc.command.1.tlog
c:\users\534.pd\desktop\task2atl\component\debug\component.tlog\rc.read.1.tlog
c:\users\534.pd\desktop\task2atl\component\debug\component.tlog\rc.write.1.tlog
