c:\users\alex\desktop\imrecamp\imrecamp\x64\debug\vc141.pdb
c:\users\alex\desktop\imrecamp\imrecamp\x64\debug\vc141.idb
c:\users\alex\desktop\imrecamp\imrecamp\x64\debug\imrecampdlg.obj
c:\users\alex\desktop\imrecamp\imrecamp\x64\debug\imrecamp.obj
c:\users\alex\desktop\imrecamp\imrecamp\x64\debug\imrecamp.pch
c:\users\alex\desktop\imrecamp\imrecamp\x64\debug\stdafx.obj
c:\users\alex\desktop\imrecamp\imrecamp\x64\debug\graphics.obj
c:\users\alex\desktop\imrecamp\x64\debug\imrecamp.exe
c:\users\alex\desktop\imrecamp\x64\debug\imrecamp.ilk
c:\users\alex\desktop\imrecamp\x64\debug\imrecamp.pdb
c:\users\alex\desktop\imrecamp\imrecamp\x64\debug\imrecamp.res
c:\users\alex\desktop\imrecamp\imrecamp\x64\debug\imrecamp.tlog\cl.command.1.tlog
c:\users\alex\desktop\imrecamp\imrecamp\x64\debug\imrecamp.tlog\cl.read.1.tlog
c:\users\alex\desktop\imrecamp\imrecamp\x64\debug\imrecamp.tlog\cl.write.1.tlog
c:\users\alex\desktop\imrecamp\imrecamp\x64\debug\imrecamp.tlog\link.command.1.tlog
c:\users\alex\desktop\imrecamp\imrecamp\x64\debug\imrecamp.tlog\link.read.1.tlog
c:\users\alex\desktop\imrecamp\imrecamp\x64\debug\imrecamp.tlog\link.write.1.tlog
c:\users\alex\desktop\imrecamp\imrecamp\x64\debug\imrecamp.tlog\rc.command.1.tlog
c:\users\alex\desktop\imrecamp\imrecamp\x64\debug\imrecamp.tlog\rc.read.1.tlog
c:\users\alex\desktop\imrecamp\imrecamp\x64\debug\imrecamp.tlog\rc.write.1.tlog
