c:\users\svt\desktop\imrecamp\imrecamp\x64\release\imrecamp.pch
c:\users\svt\desktop\imrecamp\imrecamp\x64\release\vc141.pdb
c:\users\svt\desktop\imrecamp\imrecamp\x64\release\stdafx.obj
c:\users\svt\desktop\imrecamp\imrecamp\x64\release\graphics.obj
c:\users\svt\desktop\imrecamp\imrecamp\x64\release\imrecampdlg.obj
c:\users\svt\desktop\imrecamp\imrecamp\x64\release\imrecamp.obj
c:\users\svt\desktop\imrecamp\x64\release\imrecamp.ipdb
c:\users\svt\desktop\imrecamp\x64\release\imrecamp.iobj
c:\users\svt\desktop\imrecamp\x64\release\imrecamp.exe
c:\users\svt\desktop\imrecamp\x64\release\imrecamp.pdb
c:\users\svt\desktop\imrecamp\imrecamp\x64\release\imrecamp.res
c:\users\svt\desktop\imrecamp\imrecamp\x64\release\imrecamp.tlog\cl.command.1.tlog
c:\users\svt\desktop\imrecamp\imrecamp\x64\release\imrecamp.tlog\cl.read.1.tlog
c:\users\svt\desktop\imrecamp\imrecamp\x64\release\imrecamp.tlog\cl.write.1.tlog
c:\users\svt\desktop\imrecamp\imrecamp\x64\release\imrecamp.tlog\imrecamp.write.1u.tlog
c:\users\svt\desktop\imrecamp\imrecamp\x64\release\imrecamp.tlog\link.command.1.tlog
c:\users\svt\desktop\imrecamp\imrecamp\x64\release\imrecamp.tlog\link.read.1.tlog
c:\users\svt\desktop\imrecamp\imrecamp\x64\release\imrecamp.tlog\link.write.1.tlog
c:\users\svt\desktop\imrecamp\imrecamp\x64\release\imrecamp.tlog\rc.command.1.tlog
c:\users\svt\desktop\imrecamp\imrecamp\x64\release\imrecamp.tlog\rc.read.1.tlog
c:\users\svt\desktop\imrecamp\imrecamp\x64\release\imrecamp.tlog\rc.write.1.tlog
